
2018-03-15 00:55:25...installerHook: Could not find custom/install/install_hooks.php
2018-03-15 00:55:31...Begin System Check Process *************
2018-03-15 00:55:31...XML Parsing Support Found
2018-03-15 00:55:31...MBString Support Found
2018-03-15 00:55:31...ZIP Support Found
2018-03-15 00:55:31.../custom directory and subdirectory check passed
2018-03-15 00:55:31...cache directory and subdirectory check passed
2018-03-15 00:55:31.../module  directory and subdirectory check passed
2018-03-15 00:55:31.../upload directory check passed
2018-03-15 00:55:31.../zip check passed
2018-03-15 00:55:31...PCRE version check passed
2018-03-15 00:55:31...installerHook: Could not find custom/install/install_hooks.php
2018-03-15 00:55:31...php.ini location found. /etc/php/7.0/apache2/php.ini
2018-03-15 00:55:31...Outputting HTML for System check
2018-03-15 00:55:31...No Errors were found *************
2018-03-15 00:56:07...installerHook: Could not find custom/install/install_hooks.php
2018-03-15 00:58:25...installerHook: Could not find custom/install/install_hooks.php
2018-03-15 01:00:24...installerHook: Could not find custom/install/install_hooks.php
2018-03-15 01:00:27...Begin System Check Process *************
2018-03-15 01:00:27...XML Parsing Support Found
2018-03-15 01:00:27...MBString Support Found
2018-03-15 01:00:27...ZIP Support Found
2018-03-15 01:00:27.../custom directory and subdirectory check passed
2018-03-15 01:00:27...cache directory and subdirectory check passed
2018-03-15 01:00:28.../module  directory and subdirectory check passed
2018-03-15 01:00:28.../upload directory check passed
2018-03-15 01:00:28.../zip check passed
2018-03-15 01:00:28...PCRE version check passed
2018-03-15 01:00:28...installerHook: Could not find custom/install/install_hooks.php
2018-03-15 01:00:28...php.ini location found. /etc/php/7.1/apache2/php.ini
2018-03-15 01:00:28...Outputting HTML for System check
2018-03-15 01:00:28...No Errors were found *************
2018-03-15 01:00:28...installerHook: Could not find custom/install/install_hooks.php
2018-03-15 01:00:35...installerHook: Could not find custom/install/install_hooks.php
2018-03-15 01:01:21...Begin DB Check Process *************
2018-03-15 01:01:21...testing with mysql:mysqli
2018-03-15 01:01:21...Basic form info is valid, continuing Process.
2018-03-15 01:01:21...Testing user account...
2018-03-15 01:01:21...Connection made using  host: localhost, usr: root
2018-03-15 01:01:21...SUCCESS:: no errors detected!
2018-03-15 01:01:21...End DB Check Process *************
2018-03-15 01:01:21...installerHook: Could not find custom/install/install_hooks.php
2018-03-15 01:14:20...installerHook: Could not find custom/install/install_hooks.php
2018-03-15 01:14:31...Begin DB Check Process *************
2018-03-15 01:14:31...testing with mysql:mysqli
2018-03-15 01:14:31...Basic form info is valid, continuing Process.
2018-03-15 01:14:31...Testing user account...
2018-03-15 01:14:31...Connection made using  host: localhost, usr: root
2018-03-15 01:14:31...SUCCESS:: no errors detected!
2018-03-15 01:14:31...End DB Check Process *************
2018-03-15 01:14:31...installerHook: Could not find custom/install/install_hooks.php
2018-03-15 01:14:31...calling handleSugarConfig()
2018-03-15 01:14:31...calling handleHtaccess()
2018-03-15 01:14:31...calling handleDbCreateDatabase()
2018-03-15 01:15:34...looping through all the Beans and create their tables
2018-03-15 01:15:34...processing table acl_actions
2018-03-15 01:15:35...creating table acl_actions
2018-03-15 01:15:35...creating Relationship Meta for ACLAction
2018-03-15 01:15:35...processing table acl_roles
2018-03-15 01:15:35...creating table acl_roles
2018-03-15 01:15:35...creating Relationship Meta for ACLRole
2018-03-15 01:15:35...processing table relationships
2018-03-15 01:15:35...creating table relationships
2018-03-15 01:15:35...creating Relationship Meta for Relationship
2018-03-15 01:15:36...processing table leads
2018-03-15 01:15:38...creating table leads
2018-03-15 01:15:38...creating Relationship Meta for Lead
2018-03-15 01:15:38...processing table cases
2018-03-15 01:15:41...creating table cases
2018-03-15 01:15:41...creating Relationship Meta for Case
2018-03-15 01:15:41...processing table bugs
2018-03-15 01:15:43...creating table bugs
2018-03-15 01:15:43...creating Relationship Meta for Bug
2018-03-15 01:15:43...processing table users
2018-03-15 01:15:44...creating table users
2018-03-15 01:15:44...creating Relationship Meta for User
2018-03-15 01:15:45...processing table campaign_log
2018-03-15 01:15:45...creating table campaign_log
2018-03-15 01:15:45...creating Relationship Meta for CampaignLog
2018-03-15 01:15:46...processing table project
2018-03-15 01:15:46...creating table project
2018-03-15 01:15:46...creating Relationship Meta for Project
2018-03-15 01:15:47...processing table project_task
2018-03-15 01:15:48...creating table project_task
2018-03-15 01:15:48...creating Relationship Meta for ProjectTask
2018-03-15 01:15:49...processing table campaigns
2018-03-15 01:15:50...creating table campaigns
2018-03-15 01:15:50...creating Relationship Meta for Campaign
2018-03-15 01:15:51...processing table prospect_lists
2018-03-15 01:15:52...creating table prospect_lists
2018-03-15 01:15:52...creating Relationship Meta for ProspectList
2018-03-15 01:15:52...processing table prospects
2018-03-15 01:15:53...creating table prospects
2018-03-15 01:15:53...creating Relationship Meta for Prospect
2018-03-15 01:15:54...processing table email_marketing
2018-03-15 01:15:55...creating table email_marketing
2018-03-15 01:15:55...creating Relationship Meta for EmailMarketing
2018-03-15 01:15:55...processing table campaign_trkrs
2018-03-15 01:15:55...creating table campaign_trkrs
2018-03-15 01:15:55...creating Relationship Meta for CampaignTracker
2018-03-15 01:15:55...processing table releases
2018-03-15 01:15:56...creating table releases
2018-03-15 01:15:56...creating Relationship Meta for Release
2018-03-15 01:15:56...processing table emailman
2018-03-15 01:15:56...creating table emailman
2018-03-15 01:15:56...creating Relationship Meta for EmailMan
2018-03-15 01:15:56...processing table schedulers
2018-03-15 01:15:57...creating table schedulers
2018-03-15 01:15:57...creating Relationship Meta for Scheduler
2018-03-15 01:15:57...processing table job_queue
2018-03-15 01:15:57...creating table job_queue
2018-03-15 01:15:57...creating Relationship Meta for SchedulersJob
2018-03-15 01:15:57...processing table contacts
2018-03-15 01:15:59...creating table contacts
2018-03-15 01:15:59...creating Relationship Meta for Contact
2018-03-15 01:16:00...processing table accounts
2018-03-15 01:16:01...creating table accounts
2018-03-15 01:16:01...creating Relationship Meta for Account
2018-03-15 01:16:02...processing table opportunities
2018-03-15 01:16:03...creating table opportunities
2018-03-15 01:16:03...creating Relationship Meta for Opportunity
2018-03-15 01:16:04...processing table email_templates
2018-03-15 01:16:05...creating table email_templates
2018-03-15 01:16:05...creating Relationship Meta for EmailTemplate
2018-03-15 01:16:05...processing table notes
2018-03-15 01:16:06...creating table notes
2018-03-15 01:16:06...creating Relationship Meta for Note
2018-03-15 01:16:07...processing table calls
2018-03-15 01:16:08...creating table calls
2018-03-15 01:16:08...creating Relationship Meta for Call
2018-03-15 01:16:08...processing table emails
2018-03-15 01:16:09...creating table emails
2018-03-15 01:16:09...creating Relationship Meta for Email
2018-03-15 01:16:10...processing table meetings
2018-03-15 01:16:11...creating table meetings
2018-03-15 01:16:11...creating Relationship Meta for Meeting
2018-03-15 01:16:12...processing table tasks
2018-03-15 01:16:13...creating table tasks
2018-03-15 01:16:13...creating Relationship Meta for Task
2018-03-15 01:16:13...processing table users
2018-03-15 01:16:13...processing table users
2018-03-15 01:16:13...processing table currencies
2018-03-15 01:16:13...creating table currencies
2018-03-15 01:16:13...creating Relationship Meta for Currency
2018-03-15 01:16:13...processing table tracker
2018-03-15 01:16:14...creating table tracker
2018-03-15 01:16:14...creating Relationship Meta for Tracker
2018-03-15 01:16:14...processing table import_maps
2018-03-15 01:16:14...creating table import_maps
2018-03-15 01:16:14...creating Relationship Meta for ImportMap
2018-03-15 01:16:14...processing table users_last_import
2018-03-15 01:16:14...creating table users_last_import
2018-03-15 01:16:14...creating Relationship Meta for UsersLastImport
2018-03-15 01:16:14...processing table config
2018-03-15 01:16:15...creating table config
2018-03-15 01:16:15...creating Relationship Meta for Administration
2018-03-15 01:16:15...processing table upgrade_history
2018-03-15 01:16:15...creating table upgrade_history
2018-03-15 01:16:15...creating Relationship Meta for UpgradeHistory
2018-03-15 01:16:15...processing table vcals
2018-03-15 01:16:16...creating table vcals
2018-03-15 01:16:16...creating Relationship Meta for vCal
2018-03-15 01:16:16...processing table alerts
2018-03-15 01:16:16...creating table alerts
2018-03-15 01:16:16...creating Relationship Meta for Alert
2018-03-15 01:16:17...processing table roles
2018-03-15 01:16:17...creating table roles
2018-03-15 01:16:17...creating Relationship Meta for Role
2018-03-15 01:16:17...processing table documents
2018-03-15 01:16:18...creating table documents
2018-03-15 01:16:18...creating Relationship Meta for Document
2018-03-15 01:16:18...processing table document_revisions
2018-03-15 01:16:19...creating table document_revisions
2018-03-15 01:16:19...creating Relationship Meta for DocumentRevision
2018-03-15 01:16:19...processing table fields_meta_data
2018-03-15 01:16:19...creating table fields_meta_data
2018-03-15 01:16:19...creating Relationship Meta for FieldsMetaData
2018-03-15 01:16:19...processing table inbound_email
2018-03-15 01:16:19...creating table inbound_email
2018-03-15 01:16:19...creating Relationship Meta for InboundEmail
2018-03-15 01:16:19...processing table saved_search
2018-03-15 01:16:20...creating table saved_search
2018-03-15 01:16:20...creating Relationship Meta for SavedSearch
2018-03-15 01:16:20...processing table user_preferences
2018-03-15 01:16:20...creating table user_preferences
2018-03-15 01:16:20...creating Relationship Meta for UserPreference
2018-03-15 01:16:20...processing table 
2018-03-15 01:16:20...processing table email_addresses
2018-03-15 01:16:21...creating table email_addresses
2018-03-15 01:16:21...creating Relationship Meta for EmailAddress
2018-03-15 01:16:21...processing table emails_text
2018-03-15 01:16:21...creating table emails_text
2018-03-15 01:16:21...creating Relationship Meta for EmailText
2018-03-15 01:16:21...processing table spots
2018-03-15 01:16:22...creating table spots
2018-03-15 01:16:22...creating Relationship Meta for Spots
2018-03-15 01:16:22...processing table aobh_businesshours
2018-03-15 01:16:22...creating table aobh_businesshours
2018-03-15 01:16:22...creating Relationship Meta for AOBH_BusinessHours
2018-03-15 01:16:22...processing table sugarfeed
2018-03-15 01:16:23...creating table sugarfeed
2018-03-15 01:16:23...creating Relationship Meta for SugarFeed
2018-03-15 01:16:23...processing table eapm
2018-03-15 01:16:24...creating table eapm
2018-03-15 01:16:24...creating Relationship Meta for EAPM
2018-03-15 01:16:24...processing table oauth_consumer
2018-03-15 01:16:24...creating table oauth_consumer
2018-03-15 01:16:24...creating Relationship Meta for OAuthKey
2018-03-15 01:16:24...processing table oauth_tokens
2018-03-15 01:16:25...creating table oauth_tokens
2018-03-15 01:16:25...creating Relationship Meta for OAuthToken
2018-03-15 01:16:25...processing table am_projecttemplates
2018-03-15 01:16:26...creating table am_projecttemplates
2018-03-15 01:16:26...creating Relationship Meta for AM_ProjectTemplates
2018-03-15 01:16:26...processing table am_tasktemplates
2018-03-15 01:16:28...creating table am_tasktemplates
2018-03-15 01:16:28...creating Relationship Meta for AM_TaskTemplates
2018-03-15 01:16:28...processing table favorites
2018-03-15 01:16:28...creating table favorites
2018-03-15 01:16:28...creating Relationship Meta for Favorites
2018-03-15 01:16:28...processing table aok_knowledge_base_categories
2018-03-15 01:16:30...creating table aok_knowledge_base_categories
2018-03-15 01:16:30...creating Relationship Meta for AOK_Knowledge_Base_Categories
2018-03-15 01:16:30...processing table aok_knowledgebase
2018-03-15 01:16:31...creating table aok_knowledgebase
2018-03-15 01:16:31...creating Relationship Meta for AOK_KnowledgeBase
2018-03-15 01:16:31...processing table reminders
2018-03-15 01:16:32...creating table reminders
2018-03-15 01:16:32...creating Relationship Meta for Reminder
2018-03-15 01:16:32...processing table reminders_invitees
2018-03-15 01:16:32...creating table reminders_invitees
2018-03-15 01:16:32...creating Relationship Meta for Reminder_Invitee
2018-03-15 01:16:33...processing table fp_events
2018-03-15 01:16:34...creating table fp_events
2018-03-15 01:16:34...creating Relationship Meta for FP_events
2018-03-15 01:16:34...processing table fp_event_locations
2018-03-15 01:16:35...creating table fp_event_locations
2018-03-15 01:16:35...creating Relationship Meta for FP_Event_Locations
2018-03-15 01:16:36...processing table aod_indexevent
2018-03-15 01:16:37...creating table aod_indexevent
2018-03-15 01:16:37...creating Relationship Meta for AOD_IndexEvent
2018-03-15 01:16:37...processing table aod_index
2018-03-15 01:16:38...creating table aod_index
2018-03-15 01:16:38...creating Relationship Meta for AOD_Index
2018-03-15 01:16:38...processing table aop_case_events
2018-03-15 01:16:40...creating table aop_case_events
2018-03-15 01:16:40...creating Relationship Meta for AOP_Case_Events
2018-03-15 01:16:40...processing table aop_case_updates
2018-03-15 01:16:42...creating table aop_case_updates
2018-03-15 01:16:42...creating Relationship Meta for AOP_Case_Updates
2018-03-15 01:16:42...processing table aor_reports
2018-03-15 01:16:43...creating table aor_reports
2018-03-15 01:16:43...creating Relationship Meta for AOR_Report
2018-03-15 01:16:43...processing table aor_fields
2018-03-15 01:16:44...creating table aor_fields
2018-03-15 01:16:44...creating Relationship Meta for AOR_Field
2018-03-15 01:16:44...processing table aor_charts
2018-03-15 01:16:44...creating table aor_charts
2018-03-15 01:16:44...creating Relationship Meta for AOR_Chart
2018-03-15 01:16:44...processing table aor_conditions
2018-03-15 01:16:45...creating table aor_conditions
2018-03-15 01:16:45...creating Relationship Meta for AOR_Condition
2018-03-15 01:16:45...processing table aor_scheduled_reports
2018-03-15 01:16:46...creating table aor_scheduled_reports
2018-03-15 01:16:46...creating Relationship Meta for AOR_Scheduled_Reports
2018-03-15 01:16:46...processing table aos_contracts
2018-03-15 01:16:47...creating table aos_contracts
2018-03-15 01:16:47...creating Relationship Meta for AOS_Contracts
2018-03-15 01:16:48...processing table aos_invoices
2018-03-15 01:16:49...creating table aos_invoices
2018-03-15 01:16:49...creating Relationship Meta for AOS_Invoices
2018-03-15 01:16:49...processing table aos_pdf_templates
2018-03-15 01:16:50...creating table aos_pdf_templates
2018-03-15 01:16:50...creating Relationship Meta for AOS_PDF_Templates
2018-03-15 01:16:51...processing table aos_product_categories
2018-03-15 01:16:52...creating table aos_product_categories
2018-03-15 01:16:52...creating Relationship Meta for AOS_Product_Categories
2018-03-15 01:16:52...processing table aos_products
2018-03-15 01:16:53...creating table aos_products
2018-03-15 01:16:53...creating Relationship Meta for AOS_Products
2018-03-15 01:16:54...processing table aos_products_quotes
2018-03-15 01:16:54...creating table aos_products_quotes
2018-03-15 01:16:54...creating Relationship Meta for AOS_Products_Quotes
2018-03-15 01:16:54...processing table aos_line_item_groups
2018-03-15 01:16:55...creating table aos_line_item_groups
2018-03-15 01:16:55...creating Relationship Meta for AOS_Line_Item_Groups
2018-03-15 01:16:55...processing table aos_quotes
2018-03-15 01:16:57...creating table aos_quotes
2018-03-15 01:16:57...creating Relationship Meta for AOS_Quotes
2018-03-15 01:16:57...processing table aow_actions
2018-03-15 01:16:57...creating table aow_actions
2018-03-15 01:16:57...creating Relationship Meta for AOW_Action
2018-03-15 01:16:57...processing table aow_workflow
2018-03-15 01:16:59...creating table aow_workflow
2018-03-15 01:16:59...creating Relationship Meta for AOW_WorkFlow
2018-03-15 01:16:59...processing table aow_processed
2018-03-15 01:17:00...creating table aow_processed
2018-03-15 01:17:00...creating Relationship Meta for AOW_Processed
2018-03-15 01:17:00...processing table aow_conditions
2018-03-15 01:17:01...creating table aow_conditions
2018-03-15 01:17:01...creating Relationship Meta for AOW_Condition
2018-03-15 01:17:01...processing table jjwg_maps
2018-03-15 01:17:02...creating table jjwg_maps
2018-03-15 01:17:02...creating Relationship Meta for jjwg_Maps
2018-03-15 01:17:03...processing table jjwg_markers
2018-03-15 01:17:04...creating table jjwg_markers
2018-03-15 01:17:04...creating Relationship Meta for jjwg_Markers
2018-03-15 01:17:04...processing table jjwg_areas
2018-03-15 01:17:05...creating table jjwg_areas
2018-03-15 01:17:05...creating Relationship Meta for jjwg_Areas
2018-03-15 01:17:05...processing table jjwg_address_cache
2018-03-15 01:17:07...creating table jjwg_address_cache
2018-03-15 01:17:07...creating Relationship Meta for jjwg_Address_Cache
2018-03-15 01:17:07...processing table calls_reschedule
2018-03-15 01:17:08...creating table calls_reschedule
2018-03-15 01:17:08...creating Relationship Meta for Calls_Reschedule
2018-03-15 01:17:08...processing table securitygroups
2018-03-15 01:17:10...creating table securitygroups
2018-03-15 01:17:10...creating Relationship Meta for SecurityGroup
2018-03-15 01:17:10...processing table outbound_email
2018-03-15 01:17:11...creating table outbound_email
2018-03-15 01:17:11...creating Relationship Meta for OutboundEmailAccounts
2018-03-15 01:17:12...processing table templatesectionline
2018-03-15 01:17:13...creating table templatesectionline
2018-03-15 01:17:13...creating Relationship Meta for TemplateSectionLine
2018-03-15 01:17:13...processing table oauth2tokens
2018-03-15 01:17:13...creating table oauth2tokens
2018-03-15 01:17:13...creating Relationship Meta for OAuth2Tokens
2018-03-15 01:17:13...processing table oauth2clients
2018-03-15 01:17:13...creating table oauth2clients
2018-03-15 01:17:13...creating Relationship Meta for OAuth2Clients
2018-03-15 01:17:14...processing table surveyresponses
2018-03-15 01:17:15...creating table surveyresponses
2018-03-15 01:17:15...creating Relationship Meta for SurveyResponses
2018-03-15 01:17:15...processing table surveys
2018-03-15 01:17:16...creating table surveys
2018-03-15 01:17:16...creating Relationship Meta for Surveys
2018-03-15 01:17:17...processing table surveyquestionresponses
2018-03-15 01:17:18...creating table surveyquestionresponses
2018-03-15 01:17:18...creating Relationship Meta for SurveyQuestionResponses
2018-03-15 01:17:18...processing table surveyquestions
2018-03-15 01:17:19...creating table surveyquestions
2018-03-15 01:17:19...creating Relationship Meta for SurveyQuestions
2018-03-15 01:17:19...processing table surveyquestionoptions
2018-03-15 01:17:21...creating table surveyquestionoptions
2018-03-15 01:17:21...creating Relationship Meta for SurveyQuestionOptions
2018-03-15 01:17:53...Begin creating Defaults
2018-03-15 01:17:53...insert defaults into config table
2018-03-15 01:17:53...Creating default users
2018-03-15 01:17:54...Creating default scheduler jobs
2018-03-15 01:17:55...Enable SugarFeeds
2018-03-15 01:17:56...Installation has completed *********
2018-03-15 01:18:46...populating the db with seed data
2018-03-15 01:18:46...Save configuration settings..
2018-03-15 01:18:46...save locale
2018-03-15 01:18:46...new Administration
2018-03-15 01:18:46...retrieveSettings
2018-03-15 01:18:46...AdminWizard OFF
2018-03-15 01:18:46...saveConfig
2018-03-15 01:18:47...new Configurator
2018-03-15 01:18:47...populateFromPost
2018-03-15 01:18:47...handleOverride
2018-03-15 01:18:47...addCronAllowedUser
2018-03-15 01:18:47...saveConfig
2018-03-15 01:18:47...new Currency
2018-03-15 01:18:47...retrieve
2018-03-15 01:18:47...DBG: save currency
2018-03-15 01:18:47...Save user settings..
2018-03-15 01:18:47...DBG: SugarThemeRegistry::getDefault
2018-03-15 01:18:47...DBG: require modules/Users/Save.php
2018-03-15 08:01:58...installerHook: Could not find custom/install/install_hooks.php
2018-03-15 08:02:18...installerHook: Could not find custom/install/install_hooks.php
2018-03-15 08:02:24...installerHook: Could not find custom/install/install_hooks.php
2018-03-15 08:02:55...installerHook: Could not find custom/install/install_hooks.php
2018-03-15 08:04:04...installerHook: Could not find custom/install/install_hooks.php
2018-03-15 08:04:50...installerHook: Could not find custom/install/install_hooks.php
2018-03-15 08:05:07...Begin System Check Process *************
2018-03-15 08:05:07...XML Parsing Support Found
2018-03-15 08:05:07...MBString Support Found
2018-03-15 08:05:07...ZIP Support Found
2018-03-15 08:05:07.../custom directory and subdirectory check passed
2018-03-15 08:05:07...cache directory and subdirectory check passed
2018-03-15 08:05:07.../module  directory and subdirectory check passed
2018-03-15 08:05:07.../upload directory check passed
2018-03-15 08:05:07.../zip check passed
2018-03-15 08:05:07...PCRE version check passed
2018-03-15 08:05:07...installerHook: Could not find custom/install/install_hooks.php
2018-03-15 08:05:07...php.ini location found. /home3/m3w0hhnr/php.ini
2018-03-15 08:05:07...Outputting HTML for System check
2018-03-15 08:05:07...No Errors were found *************
2018-03-15 08:05:08...installerHook: Could not find custom/install/install_hooks.php
2018-03-15 08:05:14...installerHook: Could not find custom/install/install_hooks.php
2018-03-15 08:10:26...Begin DB Check Process *************
2018-03-15 08:10:26...testing with mysql:mysqli
2018-03-15 08:10:26...Basic form info is valid, continuing Process.
2018-03-15 08:10:26...Testing user account...
2018-03-15 08:10:26...Connection made using  host: localhost, usr: m3w0hhnr_bdadmin
2018-03-15 08:10:26...SUCCESS:: no errors detected!
2018-03-15 08:10:26...End DB Check Process *************
2018-03-15 08:10:27...installerHook: Could not find custom/install/install_hooks.php
2018-03-15 08:10:27...calling handleSugarConfig()
2018-03-15 08:10:27...calling handleHtaccess()
2018-03-15 08:10:27...calling handleDbCreateDatabase()
2018-03-15 08:10:29...looping through all the Beans and create their tables
2018-03-15 08:10:29...processing table acl_actions
2018-03-15 08:10:29...creating table acl_actions
2018-03-15 08:10:29...creating Relationship Meta for ACLAction
2018-03-15 08:10:29...processing table acl_roles
2018-03-15 08:10:29...creating table acl_roles
2018-03-15 08:10:29...creating Relationship Meta for ACLRole
2018-03-15 08:10:29...processing table relationships
2018-03-15 08:10:29...creating table relationships
2018-03-15 08:10:29...creating Relationship Meta for Relationship
2018-03-15 08:10:29...processing table leads
2018-03-15 08:10:29...creating table leads
2018-03-15 08:10:29...creating Relationship Meta for Lead
2018-03-15 08:10:29...processing table cases
2018-03-15 08:10:29...creating table cases
2018-03-15 08:10:29...creating Relationship Meta for Case
2018-03-15 08:10:29...processing table bugs
2018-03-15 08:10:29...creating table bugs
2018-03-15 08:10:29...creating Relationship Meta for Bug
2018-03-15 08:10:29...processing table users
2018-03-15 08:10:29...creating table users
2018-03-15 08:10:29...creating Relationship Meta for User
2018-03-15 08:10:29...processing table campaign_log
2018-03-15 08:10:29...creating table campaign_log
2018-03-15 08:10:29...creating Relationship Meta for CampaignLog
2018-03-15 08:10:29...processing table project
2018-03-15 08:10:29...creating table project
2018-03-15 08:10:29...creating Relationship Meta for Project
2018-03-15 08:10:29...processing table project_task
2018-03-15 08:10:29...creating table project_task
2018-03-15 08:10:29...creating Relationship Meta for ProjectTask
2018-03-15 08:10:29...processing table campaigns
2018-03-15 08:10:29...creating table campaigns
2018-03-15 08:10:29...creating Relationship Meta for Campaign
2018-03-15 08:10:29...processing table prospect_lists
2018-03-15 08:10:29...creating table prospect_lists
2018-03-15 08:10:29...creating Relationship Meta for ProspectList
2018-03-15 08:10:29...processing table prospects
2018-03-15 08:10:30...creating table prospects
2018-03-15 08:10:30...creating Relationship Meta for Prospect
2018-03-15 08:10:30...processing table email_marketing
2018-03-15 08:10:30...creating table email_marketing
2018-03-15 08:10:30...creating Relationship Meta for EmailMarketing
2018-03-15 08:10:30...processing table campaign_trkrs
2018-03-15 08:10:30...creating table campaign_trkrs
2018-03-15 08:10:30...creating Relationship Meta for CampaignTracker
2018-03-15 08:10:30...processing table releases
2018-03-15 08:10:30...creating table releases
2018-03-15 08:10:30...creating Relationship Meta for Release
2018-03-15 08:10:30...processing table emailman
2018-03-15 08:10:30...creating table emailman
2018-03-15 08:10:30...creating Relationship Meta for EmailMan
2018-03-15 08:10:30...processing table schedulers
2018-03-15 08:10:30...creating table schedulers
2018-03-15 08:10:30...creating Relationship Meta for Scheduler
2018-03-15 08:10:30...processing table job_queue
2018-03-15 08:10:30...creating table job_queue
2018-03-15 08:10:30...creating Relationship Meta for SchedulersJob
2018-03-15 08:10:30...processing table contacts
2018-03-15 08:10:30...creating table contacts
2018-03-15 08:10:30...creating Relationship Meta for Contact
2018-03-15 08:10:30...processing table accounts
2018-03-15 08:10:30...creating table accounts
2018-03-15 08:10:30...creating Relationship Meta for Account
2018-03-15 08:10:30...processing table opportunities
2018-03-15 08:10:30...creating table opportunities
2018-03-15 08:10:30...creating Relationship Meta for Opportunity
2018-03-15 08:10:30...processing table email_templates
2018-03-15 08:10:30...creating table email_templates
2018-03-15 08:10:30...creating Relationship Meta for EmailTemplate
2018-03-15 08:10:30...processing table notes
2018-03-15 08:10:30...creating table notes
2018-03-15 08:10:30...creating Relationship Meta for Note
2018-03-15 08:10:30...processing table calls
2018-03-15 08:10:30...creating table calls
2018-03-15 08:10:30...creating Relationship Meta for Call
2018-03-15 08:10:30...processing table emails
2018-03-15 08:10:30...creating table emails
2018-03-15 08:10:30...creating Relationship Meta for Email
2018-03-15 08:10:30...processing table meetings
2018-03-15 08:10:31...creating table meetings
2018-03-15 08:10:31...creating Relationship Meta for Meeting
2018-03-15 08:10:31...processing table tasks
2018-03-15 08:10:31...creating table tasks
2018-03-15 08:10:31...creating Relationship Meta for Task
2018-03-15 08:10:31...processing table users
2018-03-15 08:10:31...processing table users
2018-03-15 08:10:31...processing table currencies
2018-03-15 08:10:31...creating table currencies
2018-03-15 08:10:31...creating Relationship Meta for Currency
2018-03-15 08:10:31...processing table tracker
2018-03-15 08:10:31...creating table tracker
2018-03-15 08:10:31...creating Relationship Meta for Tracker
2018-03-15 08:10:31...processing table import_maps
2018-03-15 08:10:31...creating table import_maps
2018-03-15 08:10:31...creating Relationship Meta for ImportMap
2018-03-15 08:10:31...processing table users_last_import
2018-03-15 08:10:31...creating table users_last_import
2018-03-15 08:10:31...creating Relationship Meta for UsersLastImport
2018-03-15 08:10:31...processing table config
2018-03-15 08:10:31...creating table config
2018-03-15 08:10:31...creating Relationship Meta for Administration
2018-03-15 08:10:31...processing table upgrade_history
2018-03-15 08:10:31...creating table upgrade_history
2018-03-15 08:10:31...creating Relationship Meta for UpgradeHistory
2018-03-15 08:10:31...processing table vcals
2018-03-15 08:10:31...creating table vcals
2018-03-15 08:10:31...creating Relationship Meta for vCal
2018-03-15 08:10:31...processing table alerts
2018-03-15 08:10:31...creating table alerts
2018-03-15 08:10:31...creating Relationship Meta for Alert
2018-03-15 08:10:31...processing table roles
2018-03-15 08:10:31...creating table roles
2018-03-15 08:10:31...creating Relationship Meta for Role
2018-03-15 08:10:31...processing table documents
2018-03-15 08:10:31...creating table documents
2018-03-15 08:10:31...creating Relationship Meta for Document
2018-03-15 08:10:31...processing table document_revisions
2018-03-15 08:10:31...creating table document_revisions
2018-03-15 08:10:31...creating Relationship Meta for DocumentRevision
2018-03-15 08:10:31...processing table fields_meta_data
2018-03-15 08:10:31...creating table fields_meta_data
2018-03-15 08:10:31...creating Relationship Meta for FieldsMetaData
2018-03-15 08:10:31...processing table inbound_email
2018-03-15 08:10:31...creating table inbound_email
2018-03-15 08:10:31...creating Relationship Meta for InboundEmail
2018-03-15 08:10:31...processing table saved_search
2018-03-15 08:10:31...creating table saved_search
2018-03-15 08:10:31...creating Relationship Meta for SavedSearch
2018-03-15 08:10:31...processing table user_preferences
2018-03-15 08:10:31...creating table user_preferences
2018-03-15 08:10:31...creating Relationship Meta for UserPreference
2018-03-15 08:10:31...processing table 
2018-03-15 08:10:31...processing table email_addresses
2018-03-15 08:10:31...creating table email_addresses
2018-03-15 08:10:31...creating Relationship Meta for EmailAddress
2018-03-15 08:10:31...processing table emails_text
2018-03-15 08:10:31...creating table emails_text
2018-03-15 08:10:31...creating Relationship Meta for EmailText
2018-03-15 08:10:31...processing table spots
2018-03-15 08:10:31...creating table spots
2018-03-15 08:10:31...creating Relationship Meta for Spots
2018-03-15 08:10:31...processing table aobh_businesshours
2018-03-15 08:10:31...creating table aobh_businesshours
2018-03-15 08:10:31...creating Relationship Meta for AOBH_BusinessHours
2018-03-15 08:10:31...processing table sugarfeed
2018-03-15 08:10:31...creating table sugarfeed
2018-03-15 08:10:31...creating Relationship Meta for SugarFeed
2018-03-15 08:10:31...processing table eapm
2018-03-15 08:10:31...creating table eapm
2018-03-15 08:10:31...creating Relationship Meta for EAPM
2018-03-15 08:10:31...processing table oauth_consumer
2018-03-15 08:10:31...creating table oauth_consumer
2018-03-15 08:10:31...creating Relationship Meta for OAuthKey
2018-03-15 08:10:31...processing table oauth_tokens
2018-03-15 08:10:31...creating table oauth_tokens
2018-03-15 08:10:31...creating Relationship Meta for OAuthToken
2018-03-15 08:10:31...processing table am_projecttemplates
2018-03-15 08:10:31...creating table am_projecttemplates
2018-03-15 08:10:31...creating Relationship Meta for AM_ProjectTemplates
2018-03-15 08:10:31...processing table am_tasktemplates
2018-03-15 08:10:31...creating table am_tasktemplates
2018-03-15 08:10:31...creating Relationship Meta for AM_TaskTemplates
2018-03-15 08:10:31...processing table favorites
2018-03-15 08:10:31...creating table favorites
2018-03-15 08:10:31...creating Relationship Meta for Favorites
2018-03-15 08:10:31...processing table aok_knowledge_base_categories
2018-03-15 08:10:32...creating table aok_knowledge_base_categories
2018-03-15 08:10:32...creating Relationship Meta for AOK_Knowledge_Base_Categories
2018-03-15 08:10:32...processing table aok_knowledgebase
2018-03-15 08:10:32...creating table aok_knowledgebase
2018-03-15 08:10:32...creating Relationship Meta for AOK_KnowledgeBase
2018-03-15 08:10:32...processing table reminders
2018-03-15 08:10:32...creating table reminders
2018-03-15 08:10:32...creating Relationship Meta for Reminder
2018-03-15 08:10:32...processing table reminders_invitees
2018-03-15 08:10:32...creating table reminders_invitees
2018-03-15 08:10:32...creating Relationship Meta for Reminder_Invitee
2018-03-15 08:10:32...processing table fp_events
2018-03-15 08:10:32...creating table fp_events
2018-03-15 08:10:32...creating Relationship Meta for FP_events
2018-03-15 08:10:32...processing table fp_event_locations
2018-03-15 08:10:32...creating table fp_event_locations
2018-03-15 08:10:32...creating Relationship Meta for FP_Event_Locations
2018-03-15 08:10:32...processing table aod_indexevent
2018-03-15 08:10:32...creating table aod_indexevent
2018-03-15 08:10:32...creating Relationship Meta for AOD_IndexEvent
2018-03-15 08:10:32...processing table aod_index
2018-03-15 08:10:32...creating table aod_index
2018-03-15 08:10:32...creating Relationship Meta for AOD_Index
2018-03-15 08:10:32...processing table aop_case_events
2018-03-15 08:10:32...creating table aop_case_events
2018-03-15 08:10:32...creating Relationship Meta for AOP_Case_Events
2018-03-15 08:10:32...processing table aop_case_updates
2018-03-15 08:10:32...creating table aop_case_updates
2018-03-15 08:10:32...creating Relationship Meta for AOP_Case_Updates
2018-03-15 08:10:32...processing table aor_reports
2018-03-15 08:10:32...creating table aor_reports
2018-03-15 08:10:32...creating Relationship Meta for AOR_Report
2018-03-15 08:10:32...processing table aor_fields
2018-03-15 08:10:32...creating table aor_fields
2018-03-15 08:10:32...creating Relationship Meta for AOR_Field
2018-03-15 08:10:32...processing table aor_charts
2018-03-15 08:10:32...creating table aor_charts
2018-03-15 08:10:32...creating Relationship Meta for AOR_Chart
2018-03-15 08:10:32...processing table aor_conditions
2018-03-15 08:10:32...creating table aor_conditions
2018-03-15 08:10:32...creating Relationship Meta for AOR_Condition
2018-03-15 08:10:32...processing table aor_scheduled_reports
2018-03-15 08:10:32...creating table aor_scheduled_reports
2018-03-15 08:10:32...creating Relationship Meta for AOR_Scheduled_Reports
2018-03-15 08:10:32...processing table aos_contracts
2018-03-15 08:10:33...creating table aos_contracts
2018-03-15 08:10:33...creating Relationship Meta for AOS_Contracts
2018-03-15 08:10:33...processing table aos_invoices
2018-03-15 08:10:33...creating table aos_invoices
2018-03-15 08:10:33...creating Relationship Meta for AOS_Invoices
2018-03-15 08:10:33...processing table aos_pdf_templates
2018-03-15 08:10:33...creating table aos_pdf_templates
2018-03-15 08:10:33...creating Relationship Meta for AOS_PDF_Templates
2018-03-15 08:10:33...processing table aos_product_categories
2018-03-15 08:10:33...creating table aos_product_categories
2018-03-15 08:10:33...creating Relationship Meta for AOS_Product_Categories
2018-03-15 08:10:33...processing table aos_products
2018-03-15 08:10:33...creating table aos_products
2018-03-15 08:10:33...creating Relationship Meta for AOS_Products
2018-03-15 08:10:33...processing table aos_products_quotes
2018-03-15 08:10:33...creating table aos_products_quotes
2018-03-15 08:10:33...creating Relationship Meta for AOS_Products_Quotes
2018-03-15 08:10:33...processing table aos_line_item_groups
2018-03-15 08:10:33...creating table aos_line_item_groups
2018-03-15 08:10:33...creating Relationship Meta for AOS_Line_Item_Groups
2018-03-15 08:10:33...processing table aos_quotes
2018-03-15 08:10:33...creating table aos_quotes
2018-03-15 08:10:33...creating Relationship Meta for AOS_Quotes
2018-03-15 08:10:33...processing table aow_actions
2018-03-15 08:10:33...creating table aow_actions
2018-03-15 08:10:33...creating Relationship Meta for AOW_Action
2018-03-15 08:10:33...processing table aow_workflow
2018-03-15 08:10:33...creating table aow_workflow
2018-03-15 08:10:33...creating Relationship Meta for AOW_WorkFlow
2018-03-15 08:10:33...processing table aow_processed
2018-03-15 08:10:33...creating table aow_processed
2018-03-15 08:10:33...creating Relationship Meta for AOW_Processed
2018-03-15 08:10:33...processing table aow_conditions
2018-03-15 08:10:33...creating table aow_conditions
2018-03-15 08:10:33...creating Relationship Meta for AOW_Condition
2018-03-15 08:10:33...processing table jjwg_maps
2018-03-15 08:10:33...creating table jjwg_maps
2018-03-15 08:10:33...creating Relationship Meta for jjwg_Maps
2018-03-15 08:10:33...processing table jjwg_markers
2018-03-15 08:10:33...creating table jjwg_markers
2018-03-15 08:10:33...creating Relationship Meta for jjwg_Markers
2018-03-15 08:10:33...processing table jjwg_areas
2018-03-15 08:10:34...creating table jjwg_areas
2018-03-15 08:10:34...creating Relationship Meta for jjwg_Areas
2018-03-15 08:10:34...processing table jjwg_address_cache
2018-03-15 08:10:34...creating table jjwg_address_cache
2018-03-15 08:10:34...creating Relationship Meta for jjwg_Address_Cache
2018-03-15 08:10:34...processing table calls_reschedule
2018-03-15 08:10:34...creating table calls_reschedule
2018-03-15 08:10:34...creating Relationship Meta for Calls_Reschedule
2018-03-15 08:10:34...processing table securitygroups
2018-03-15 08:10:34...creating table securitygroups
2018-03-15 08:10:34...creating Relationship Meta for SecurityGroup
2018-03-15 08:10:34...processing table outbound_email
2018-03-15 08:10:34...creating table outbound_email
2018-03-15 08:10:34...creating Relationship Meta for OutboundEmailAccounts
2018-03-15 08:10:34...processing table templatesectionline
2018-03-15 08:10:34...creating table templatesectionline
2018-03-15 08:10:34...creating Relationship Meta for TemplateSectionLine
2018-03-15 08:10:34...processing table oauth2tokens
2018-03-15 08:10:34...creating table oauth2tokens
2018-03-15 08:10:34...creating Relationship Meta for OAuth2Tokens
2018-03-15 08:10:34...processing table oauth2clients
2018-03-15 08:10:34...creating table oauth2clients
2018-03-15 08:10:34...creating Relationship Meta for OAuth2Clients
2018-03-15 08:10:34...processing table surveyresponses
2018-03-15 08:10:34...creating table surveyresponses
2018-03-15 08:10:34...creating Relationship Meta for SurveyResponses
2018-03-15 08:10:34...processing table surveys
2018-03-15 08:10:34...creating table surveys
2018-03-15 08:10:34...creating Relationship Meta for Surveys
2018-03-15 08:10:34...processing table surveyquestionresponses
2018-03-15 08:10:35...creating table surveyquestionresponses
2018-03-15 08:10:35...creating Relationship Meta for SurveyQuestionResponses
2018-03-15 08:10:35...processing table surveyquestions
2018-03-15 08:10:35...creating table surveyquestions
2018-03-15 08:10:35...creating Relationship Meta for SurveyQuestions
2018-03-15 08:10:35...processing table surveyquestionoptions
2018-03-15 08:10:35...creating table surveyquestionoptions
2018-03-15 08:10:35...creating Relationship Meta for SurveyQuestionOptions
2018-03-15 08:10:36...Begin creating Defaults
2018-03-15 08:10:36...insert defaults into config table
2018-03-15 08:10:36...Creating default users
2018-03-15 08:10:37...Creating default scheduler jobs
2018-03-15 08:10:37...Enable SugarFeeds
2018-03-15 08:10:37...Installation has completed *********
2018-03-15 08:10:41...populating the db with seed data
2018-03-15 08:10:41...Save configuration settings..
2018-03-15 08:10:41...save locale
2018-03-15 08:10:41...new Administration
2018-03-15 08:10:41...retrieveSettings
2018-03-15 08:10:41...AdminWizard OFF
2018-03-15 08:10:41...saveConfig
2018-03-15 08:10:41...new Configurator
2018-03-15 08:10:41...populateFromPost
2018-03-15 08:10:41...handleOverride
2018-03-15 08:10:41...addCronAllowedUser
2018-03-15 08:10:41...saveConfig
2018-03-15 08:10:41...new Currency
2018-03-15 08:10:41...retrieve
2018-03-15 08:10:41...DBG: save currency
2018-03-15 08:10:41...Save user settings..
2018-03-15 08:10:41...DBG: SugarThemeRegistry::getDefault
2018-03-15 08:10:41...DBG: require modules/Users/Save.php